13:19:38: Creating resource group General
13:19:38: Creating resource group Internal
13:19:38: Creating resource group Autodetect
13:19:38: SceneManagerFactory for type 'DefaultSceneManager' registered.
13:19:38: Registering ResourceManager for type Material
13:19:38: Registering ResourceManager for type Mesh
13:19:38: Registering ResourceManager for type Skeleton
13:19:38: MovableObjectFactory for type 'ParticleSystem' registered.
13:19:38: OverlayElementFactory for type Panel registered.
13:19:38: OverlayElementFactory for type BorderPanel registered.
13:19:38: OverlayElementFactory for type TextArea registered.
13:19:38: Registering ResourceManager for type Font
13:19:38: ArchiveFactory for archive type FileSystem registered.
13:19:38: ArchiveFactory for archive type Zip registered.
13:19:38: ArchiveFactory for archive type EmbeddedZip registered.
13:19:38: DDS codec registering
13:19:38: FreeImage version: 3.15.4
13:19:38: This program uses FreeImage, a free, open source image library supporting all common bitmap formats. See http://freeimage.sourceforge.net for details
13:19:38: Supported formats: bmp,ico,jpg,jif,jpeg,jpe,jng,koa,iff,lbm,mng,pbm,pbm,pcd,pcx,pgm,pgm,png,ppm,ppm,ras,tga,targa,tif,tiff,wap,wbmp,wbm,psd,cut,xbm,xpm,gif,hdr,g3,sgi,exr,j2k,j2c,jp2,pfm,pct,pict,pic,3fr,arw,bay,bmq,cap,cine,cr2,crw,cs1,dc2,dcr,drf,dsc,dng,erf,fff,ia,iiq,k25,kc2,kdc,mdc,mef,mos,mrw,nef,nrw,orf,pef,ptx,pxn,qtk,raf,raw,rdc,rw2,rwl,rwz,sr2,srf,srw,sti
13:19:38: Registering ResourceManager for type HighLevelGpuProgram
13:19:38: Registering ResourceManager for type Compositor
13:19:38: MovableObjectFactory for type 'Entity' registered.
13:19:38: MovableObjectFactory for type 'Light' registered.
13:19:38: MovableObjectFactory for type 'BillboardSet' registered.
13:19:38: MovableObjectFactory for type 'ManualObject' registered.
13:19:38: MovableObjectFactory for type 'BillboardChain' registered.
13:19:38: MovableObjectFactory for type 'RibbonTrail' registered.
13:19:38: Loading library /usr/local/lib/OGRE/RenderSystem_GL
13:19:38: Installing plugin: GL RenderSystem
13:19:38: OpenGL Rendering Subsystem created.
13:19:38: Plugin successfully installed
13:19:38: Loading library /usr/local/lib/OGRE/Plugin_ParticleFX
13:19:38: Installing plugin: ParticleFX
13:19:38: Particle Emitter Type 'Point' registered
13:19:38: Particle Emitter Type 'Box' registered
13:19:38: Particle Emitter Type 'Ellipsoid' registered
13:19:38: Particle Emitter Type 'Cylinder' registered
13:19:38: Particle Emitter Type 'Ring' registered
13:19:38: Particle Emitter Type 'HollowEllipsoid' registered
13:19:38: Particle Affector Type 'LinearForce' registered
13:19:38: Particle Affector Type 'ColourFader' registered
13:19:38: Particle Affector Type 'ColourFader2' registered
13:19:38: Particle Affector Type 'ColourImage' registered
13:19:38: Particle Affector Type 'ColourInterpolator' registered
13:19:38: Particle Affector Type 'Scaler' registered
13:19:38: Particle Affector Type 'Rotator' registered
13:19:38: Particle Affector Type 'DirectionRandomiser' registered
13:19:38: Particle Affector Type 'DeflectorPlane' registered
13:19:38: Plugin successfully installed
13:19:38: Loading library /usr/local/lib/OGRE/Plugin_BSPSceneManager
13:19:38: Installing plugin: BSP Scene Manager
13:19:38: Plugin successfully installed
13:19:38: Loading library /usr/local/lib/OGRE/Plugin_PCZSceneManager
13:19:38: Installing plugin: Portal Connected Zone Scene Manager
13:19:38: PCZone Factory Type 'ZoneType_Default' registered
13:19:38: Plugin successfully installed
13:19:38: Loading library /usr/local/lib/OGRE/Plugin_OctreeZone
13:19:38: Installing plugin: Octree Zone Factory
13:19:38: Plugin successfully installed
13:19:38: Loading library /usr/local/lib/OGRE/Plugin_OctreeSceneManager
13:19:38: Installing plugin: Octree Scene Manager
13:19:38: Plugin successfully installed
13:19:38: *-*-* OGRE Initialising
13:19:38: *-*-* Version 1.8.1 (Byatis)
13:19:38: Creating resource group Essential
13:19:38: OGRE EXCEPTION(7:InternalErrorException): ../media/packs/SdkTrays.zip - error whilst opening archive: Unable to read zip file. in ZipArchive::checkZzipError at /build/buildd/ogre-1.8-1.8.1+dfsg/OgreMain/src/OgreZip.cpp (line 293)
13:19:38: *-*-* OGRE Shutdown
13:19:38: Unregistering ResourceManager for type Compositor
13:19:38: Unregistering ResourceManager for type Font
13:19:38: Unregistering ResourceManager for type Skeleton
13:19:38: Unregistering ResourceManager for type Mesh
13:19:38: Unregistering ResourceManager for type HighLevelGpuProgram
13:19:38: Uninstalling plugin: Octree Scene Manager
13:19:38: Plugin successfully uninstalled
13:19:38: Unloading library /usr/local/lib/OGRE/Plugin_OctreeSceneManager
13:19:38: Uninstalling plugin: Octree Zone Factory
13:19:38: Plugin successfully uninstalled
13:19:38: Unloading library /usr/local/lib/OGRE/Plugin_OctreeZone
13:19:38: Uninstalling plugin: Portal Connected Zone Scene Manager
13:19:38: Plugin successfully uninstalled
13:19:38: Unloading library /usr/local/lib/OGRE/Plugin_PCZSceneManager
13:19:38: Uninstalling plugin: BSP Scene Manager
13:19:38: Plugin successfully uninstalled
13:19:38: Unloading library /usr/local/lib/OGRE/Plugin_BSPSceneManager
13:19:38: Uninstalling plugin: ParticleFX
13:19:38: Plugin successfully uninstalled
13:19:38: Unloading library /usr/local/lib/OGRE/Plugin_ParticleFX
13:19:38: Uninstalling plugin: GL RenderSystem
13:19:38: ******************************
*** Stopping GLX Subsystem ***
******************************
13:19:38: Plugin successfully uninstalled
13:19:38: Unloading library /usr/local/lib/OGRE/RenderSystem_GL
13:19:38: Unregistering ResourceManager for type Material
